{"/home/kshi/workspace/code/commit-assistant-vscode/src/config/settings.ts": {"path":"/home/kshi/workspace/code/commit-assistant-vscode/src/config/settings.ts","statementMap":{"0":{"start":{"line":10,"column":0},"end":{"line":10,"column":16}},"1":{"start":{"line":20,"column":0},"end":{"line":20,"column":7}},"2":{"start":{"line":24,"column":0},"end":{"line":24,"column":7}},"3":{"start":{"line":28,"column":0},"end":{"line":28,"column":7}},"4":{"start":{"line":32,"column":0},"end":{"line":32,"column":16}},"5":{"start":{"line":36,"column":0},"end":{"line":36,"column":7}},"6":{"start":{"line":40,"column":0},"end":{"line":40,"column":16}},"7":{"start":{"line":1,"column":0},"end":{"line":1,"column":33}},"8":{"start":{"line":4,"column":16},"end":{"line":4,"column":33}},"9":{"start":{"line":7,"column":2},"end":{"line":7,"column":52}},"10":{"start":{"line":11,"column":14},"end":{"line":11,"column":22}},"11":{"start":{"line":12,"column":2},"end":{"line":17,"column":4}},"12":{"start":{"line":21,"column":2},"end":{"line":21,"column":75}},"13":{"start":{"line":25,"column":2},"end":{"line":25,"column":75}},"14":{"start":{"line":29,"column":2},"end":{"line":29,"column":81}},"15":{"start":{"line":33,"column":2},"end":{"line":33,"column":63}},"16":{"start":{"line":37,"column":2},"end":{"line":37,"column":83}},"17":{"start":{"line":41,"column":2},"end":{"line":41,"column":54}}},"fnMap":{"0":{"name":"config","decl":{"start":{"line":6,"column":9},"end":{"line":6,"column":15}},"loc":{"start":{"line":6,"column":15},"end":{"line":8,"column":1}}},"1":{"name":"getSettings","decl":{"start":{"line":10,"column":16},"end":{"line":10,"column":27}},"loc":{"start":{"line":10,"column":27},"end":{"line":18,"column":1}}},"2":{"name":"setModel","decl":{"start":{"line":20,"column":22},"end":{"line":20,"column":30}},"loc":{"start":{"line":20,"column":44},"end":{"line":22,"column":1}}},"3":{"name":"setStyle","decl":{"start":{"line":24,"column":22},"end":{"line":24,"column":30}},"loc":{"start":{"line":24,"column":49},"end":{"line":26,"column":1}}},"4":{"name":"setLanguage","decl":{"start":{"line":28,"column":22},"end":{"line":28,"column":33}},"loc":{"start":{"line":28,"column":58},"end":{"line":30,"column":1}}},"5":{"name":"getCustomModels","decl":{"start":{"line":32,"column":16},"end":{"line":32,"column":31}},"loc":{"start":{"line":32,"column":31},"end":{"line":34,"column":1}}},"6":{"name":"saveCustomModels","decl":{"start":{"line":36,"column":22},"end":{"line":36,"column":38}},"loc":{"start":{"line":36,"column":66},"end":{"line":38,"column":1}}},"7":{"name":"getCustomModelApiKeySecretKey","decl":{"start":{"line":40,"column":16},"end":{"line":40,"column":45}},"loc":{"start":{"line":40,"column":58},"end":{"line":42,"column":1}}}},"branchMap":{},"s":{"0":1,"1":1,"2":1,"3":1,"4":1,"5":1,"6":1,"7":1,"8":1,"9":0,"10":0,"11":0,"12":0,"13":0,"14":0,"15":0,"16":0,"17":2},"f":{"0":0,"1":0,"2":0,"3":0,"4":0,"5":0,"6":0,"7":2},"b":{}}
,"/home/kshi/workspace/code/commit-assistant-vscode/src/core/customModelService.ts": {"path":"/home/kshi/workspace/code/commit-assistant-vscode/src/core/customModelService.ts","statementMap":{"0":{"start":{"line":33,"column":0},"end":{"line":33,"column":16}},"1":{"start":{"line":149,"column":0},"end":{"line":149,"column":7}},"2":{"start":{"line":1,"column":0},"end":{"line":1,"column":33}},"3":{"start":{"line":2,"column":0},"end":{"line":2,"column":31}},"4":{"start":{"line":3,"column":0},"end":{"line":3,"column":29}},"5":{"start":{"line":4,"column":0},"end":{"line":4,"column":26}},"6":{"start":{"line":7,"column":28},"end":{"line":7,"column":31}},"7":{"start":{"line":8,"column":27},"end":{"line":8,"column":31}},"8":{"start":{"line":9,"column":27},"end":{"line":9,"column":32}},"9":{"start":{"line":11,"column":26},"end":{"line":11,"column":45}},"10":{"start":{"line":12,"column":22},"end":{"line":12,"column":75}},"11":{"start":{"line":13,"column":28},"end":{"line":20,"column":2}},"12":{"start":{"line":35,"column":2},"end":{"line":39,"column":3}},"13":{"start":{"line":36,"column":4},"end":{"line":36,"column":26}},"14":{"start":{"line":38,"column":4},"end":{"line":38,"column":17}},"15":{"start":{"line":40,"column":2},"end":{"line":42,"column":3}},"16":{"start":{"line":41,"column":4},"end":{"line":41,"column":17}},"17":{"start":{"line":43,"column":19},"end":{"line":43,"column":45}},"18":{"start":{"line":44,"column":2},"end":{"line":46,"column":3}},"19":{"start":{"line":45,"column":4},"end":{"line":45,"column":17}},"20":{"start":{"line":47,"column":2},"end":{"line":49,"column":3}},"21":{"start":{"line":47,"column":38},"end":{"line":47,"column":54}},"22":{"start":{"line":48,"column":4},"end":{"line":48,"column":17}},"23":{"start":{"line":50,"column":2},"end":{"line":50,"column":14}},"24":{"start":{"line":54,"column":2},"end":{"line":56,"column":51}},"25":{"start":{"line":65,"column":2},"end":{"line":146,"column":5}},"26":{"start":{"line":66,"column":16},"end":{"line":66,"column":31}},"27":{"start":{"line":67,"column":20},"end":{"line":67,"column":45}},"28":{"start":{"line":68,"column":19},"end":{"line":68,"column":41}},"29":{"start":{"line":70,"column":21},"end":{"line":70,"column":41}},"30":{"start":{"line":72,"column":42},"end":{"line":83,"column":6}},"31":{"start":{"line":85,"column":16},"end":{"line":127,"column":6}},"32":{"start":{"line":86,"column":17},"end":{"line":86,"column":19}},"33":{"start":{"line":88,"column":6},"end":{"line":90,"column":9}},"34":{"start":{"line":89,"column":8},"end":{"line":89,"column":22}},"35":{"start":{"line":92,"column":6},"end":{"line":126,"column":9}},"36":{"start":{"line":93,"column":8},"end":{"line":96,"column":9}},"37":{"start":{"line":94,"column":10},"end":{"line":94,"column":49}},"38":{"start":{"line":95,"column":10},"end":{"line":95,"column":17}},"39":{"start":{"line":98,"column":8},"end":{"line":125,"column":9}},"40":{"start":{"line":99,"column":10},"end":{"line":113,"column":11}},"41":{"start":{"line":100,"column":25},"end":{"line":100,"column":67}},"42":{"start":{"line":101,"column":12},"end":{"line":104,"column":13}},"43":{"start":{"line":102,"column":14},"end":{"line":102,"column":74}},"44":{"start":{"line":103,"column":14},"end":{"line":103,"column":21}},"45":{"start":{"line":105,"column":28},"end":{"line":105,"column":63}},"46":{"start":{"line":106,"column":12},"end":{"line":109,"column":13}},"47":{"start":{"line":107,"column":14},"end":{"line":107,"column":84}},"48":{"start":{"line":108,"column":14},"end":{"line":108,"column":21}},"49":{"start":{"line":110,"column":12},"end":{"line":110,"column":29}},"50":{"start":{"line":112,"column":12},"end":{"line":112,"column":77}},"51":{"start":{"line":115,"column":24},"end":{"line":115,"column":48}},"52":{"start":{"line":116,"column":10},"end":{"line":123,"column":11}},"53":{"start":{"line":117,"column":25},"end":{"line":117,"column":67}},"54":{"start":{"line":118,"column":12},"end":{"line":120,"column":13}},"55":{"start":{"line":119,"column":14},"end":{"line":119,"column":43}},"56":{"start":{"line":124,"column":10},"end":{"line":124,"column":59}},"57":{"start":{"line":129,"column":4},"end":{"line":131,"column":7}},"58":{"start":{"line":130,"column":6},"end":{"line":130,"column":105}},"59":{"start":{"line":133,"column":4},"end":{"line":136,"column":7}},"60":{"start":{"line":134,"column":6},"end":{"line":134,"column":20}},"61":{"start":{"line":135,"column":6},"end":{"line":135,"column":55}},"62":{"start":{"line":138,"column":23},"end":{"line":142,"column":6}},"63":{"start":{"line":139,"column":6},"end":{"line":139,"column":20}},"64":{"start":{"line":140,"column":6},"end":{"line":140,"column":27}},"65":{"start":{"line":141,"column":6},"end":{"line":141,"column":45}},"66":{"start":{"line":144,"column":4},"end":{"line":144,"column":24}},"67":{"start":{"line":145,"column":4},"end":{"line":145,"column":14}},"68":{"start":{"line":155,"column":15},"end":{"line":160,"column":4}},"69":{"start":{"line":162,"column":15},"end":{"line":162,"column":65}},"70":{"start":{"line":164,"column":2},"end":{"line":167,"column":4}}},"fnMap":{"0":{"name":"isUrlAllowed","decl":{"start":{"line":33,"column":16},"end":{"line":33,"column":28}},"loc":{"start":{"line":33,"column":43},"end":{"line":51,"column":1}}},"1":{"name":"(anonymous_1)","decl":{"start":{"line":47,"column":31},"end":{"line":47,"column":32}},"loc":{"start":{"line":47,"column":38},"end":{"line":47,"column":54}}},"2":{"name":"sanitizeErrorMessage","decl":{"start":{"line":53,"column":9},"end":{"line":53,"column":29}},"loc":{"start":{"line":53,"column":45},"end":{"line":57,"column":1}}},"3":{"name":"makeRequest","decl":{"start":{"line":59,"column":9},"end":{"line":59,"column":20}},"loc":{"start":{"line":63,"column":33},"end":{"line":147,"column":1}}},"4":{"name":"(anonymous_4)","decl":{"start":{"line":65,"column":21},"end":{"line":65,"column":22}},"loc":{"start":{"line":65,"column":41},"end":{"line":146,"column":3}}},"5":{"name":"(anonymous_5)","decl":{"start":{"line":85,"column":40},"end":{"line":85,"column":41}},"loc":{"start":{"line":85,"column":48},"end":{"line":127,"column":5}}},"6":{"name":"(anonymous_6)","decl":{"start":{"line":88,"column":21},"end":{"line":88,"column":22}},"loc":{"start":{"line":88,"column":31},"end":{"line":90,"column":7}}},"7":{"name":"(anonymous_7)","decl":{"start":{"line":92,"column":20},"end":{"line":92,"column":23}},"loc":{"start":{"line":92,"column":25},"end":{"line":126,"column":7}}},"8":{"name":"(anonymous_8)","decl":{"start":{"line":129,"column":20},"end":{"line":129,"column":23}},"loc":{"start":{"line":129,"column":25},"end":{"line":131,"column":5}}},"9":{"name":"(anonymous_9)","decl":{"start":{"line":133,"column":22},"end":{"line":133,"column":25}},"loc":{"start":{"line":133,"column":27},"end":{"line":136,"column":5}}},"10":{"name":"(anonymous_10)","decl":{"start":{"line":138,"column":53},"end":{"line":138,"column":56}},"loc":{"start":{"line":138,"column":58},"end":{"line":142,"column":5}}},"11":{"name":"generateWithCustomModel","decl":{"start":{"line":149,"column":22},"end":{"line":149,"column":45}},"loc":{"start":{"line":153,"column":33},"end":{"line":168,"column":1}}}},"branchMap":{"0":{"loc":{"start":{"line":40,"column":2},"end":{"line":42,"column":3}},"type":"if","locations":[{"start":{"line":40,"column":2},"end":{"line":42,"column":3}},{"start":{},"end":{}}]},"1":{"loc":{"start":{"line":44,"column":2},"end":{"line":46,"column":3}},"type":"if","locations":[{"start":{"line":44,"column":2},"end":{"line":46,"column":3}},{"start":{},"end":{}}]},"2":{"loc":{"start":{"line":47,"column":2},"end":{"line":49,"column":3}},"type":"if","locations":[{"start":{"line":47,"column":2},"end":{"line":49,"column":3}},{"start":{},"end":{}}]},"3":{"loc":{"start":{"line":68,"column":19},"end":{"line":68,"column":41}},"type":"cond-expr","locations":[{"start":{"line":68,"column":29},"end":{"line":68,"column":34}},{"start":{"line":68,"column":37},"end":{"line":68,"column":41}}]},"4":{"loc":{"start":{"line":74,"column":12},"end":{"line":74,"column":44}},"type":"binary-expr","locations":[{"start":{"line":74,"column":12},"end":{"line":74,"column":20}},{"start":{"line":74,"column":25},"end":{"line":74,"column":43}}]},"5":{"loc":{"start":{"line":74,"column":25},"end":{"line":74,"column":43}},"type":"cond-expr","locations":[{"start":{"line":74,"column":35},"end":{"line":74,"column":38}},{"start":{"line":74,"column":41},"end":{"line":74,"column":43}}]},"6":{"loc":{"start":{"line":93,"column":8},"end":{"line":96,"column":9}},"type":"if","locations":[{"start":{"line":93,"column":8},"end":{"line":96,"column":9}},{"start":{},"end":{}}]},"7":{"loc":{"start":{"line":98,"column":8},"end":{"line":125,"column":9}},"type":"if","locations":[{"start":{"line":98,"column":8},"end":{"line":125,"column":9}},{"start":{"line":114,"column":15},"end":{"line":125,"column":9}}]},"8":{"loc":{"start":{"line":98,"column":12},"end":{"line":98,"column":75}},"type":"binary-expr","locations":[{"start":{"line":98,"column":12},"end":{"line":98,"column":26}},{"start":{"line":98,"column":30},"end":{"line":98,"column":51}},{"start":{"line":98,"column":55},"end":{"line":98,"column":75}}]},"9":{"loc":{"start":{"line":101,"column":12},"end":{"line":104,"column":13}},"type":"if","locations":[{"start":{"line":101,"column":12},"end":{"line":104,"column":13}},{"start":{},"end":{}}]},"10":{"loc":{"start":{"line":106,"column":12},"end":{"line":109,"column":13}},"type":"if","locations":[{"start":{"line":106,"column":12},"end":{"line":109,"column":13}},{"start":{},"end":{}}]},"11":{"loc":{"start":{"line":118,"column":12},"end":{"line":120,"column":13}},"type":"if","locations":[{"start":{"line":118,"column":12},"end":{"line":120,"column":13}},{"start":{},"end":{}}]}},"s":{"0":1,"1":1,"2":1,"3":1,"4":1,"5":1,"6":1,"7":1,"8":1,"9":1,"10":1,"11":1,"12":17,"13":17,"14":2,"15":15,"16":3,"17":12,"18":12,"19":5,"20":7,"21":28,"22":4,"23":3,"24":0,"25":0,"26":0,"27":0,"28":0,"29":0,"30":0,"31":0,"32":0,"33":0,"34":0,"35":0,"36":0,"37":0,"38":0,"39":0,"40":0,"41":0,"42":0,"43":0,"44":0,"45":0,"46":0,"47":0,"48":0,"49":0,"50":0,"51":0,"52":0,"53":0,"54":0,"55":0,"56":0,"57":0,"58":0,"59":0,"60":0,"61":0,"62":0,"63":0,"64":0,"65":0,"66":0,"67":0,"68":0,"69":0,"70":0},"f":{"0":17,"1":28,"2":0,"3":0,"4":0,"5":0,"6":0,"7":0,"8":0,"9":0,"10":0,"11":0},"b":{"0":[3,12],"1":[5,7],"2":[4,3],"3":[0,0],"4":[0,0],"5":[0,0],"6":[0,0],"7":[0,0],"8":[0,0,0],"9":[0,0],"10":[0,0],"11":[0,0]}}
,"/home/kshi/workspace/code/commit-assistant-vscode/src/types/index.ts": {"path":"/home/kshi/workspace/code/commit-assistant-vscode/src/types/index.ts","statementMap":{"0":{"start":{"line":1,"column":13},"end":{"line":9,"column":11}}},"fnMap":{},"branchMap":{},"s":{"0":0},"f":{},"b":{}}
}
