TN:
SF:src/config/settings.ts
FN:6,config
FN:10,getSettings
FN:20,setModel
FN:24,setStyle
FN:28,setLanguage
FN:32,getCustomModels
FN:36,saveCustomModels
FN:40,getCustomModelApiKeySecretKey
FNF:8
FNH:1
FNDA:0,config
FNDA:0,getSettings
FNDA:0,setModel
FNDA:0,setStyle
FNDA:0,setLanguage
FNDA:0,getCustomModels
FNDA:0,saveCustomModels
FNDA:2,getCustomModelApiKeySecretKey
DA:1,1
DA:4,1
DA:7,0
DA:10,1
DA:11,0
DA:12,0
DA:20,1
DA:21,0
DA:24,1
DA:25,0
DA:28,1
DA:29,0
DA:32,1
DA:33,0
DA:36,1
DA:37,0
DA:40,1
DA:41,2
LF:18
LH:10
BRF:0
BRH:0
end_of_record
TN:
SF:src/core/customModelService.ts
FN:33,isUrlAllowed
FN:47,(anonymous_1)
FN:53,sanitizeErrorMessage
FN:59,makeRequest
FN:65,(anonymous_4)
FN:85,(anonymous_5)
FN:88,(anonymous_6)
FN:92,(anonymous_7)
FN:129,(anonymous_8)
FN:133,(anonymous_9)
FN:138,(anonymous_10)
FN:149,generateWithCustomModel
FNF:12
FNH:2
FNDA:17,isUrlAllowed
FNDA:28,(anonymous_1)
FNDA:0,sanitizeErrorMessage
FNDA:0,makeRequest
FNDA:0,(anonymous_4)
FNDA:0,(anonymous_5)
FNDA:0,(anonymous_6)
FNDA:0,(anonymous_7)
FNDA:0,(anonymous_8)
FNDA:0,(anonymous_9)
FNDA:0,(anonymous_10)
FNDA:0,generateWithCustomModel
DA:1,1
DA:2,1
DA:3,1
DA:4,1
DA:7,1
DA:8,1
DA:9,1
DA:11,1
DA:12,1
DA:13,1
DA:33,1
DA:35,17
DA:36,17
DA:38,2
DA:40,15
DA:41,3
DA:43,12
DA:44,12
DA:45,5
DA:47,28
DA:48,4
DA:50,3
DA:54,0
DA:65,0
DA:66,0
DA:67,0
DA:68,0
DA:70,0
DA:72,0
DA:85,0
DA:86,0
DA:88,0
DA:89,0
DA:92,0
DA:93,0
DA:94,0
DA:95,0
DA:98,0
DA:99,0
DA:100,0
DA:101,0
DA:102,0
DA:103,0
DA:105,0
DA:106,0
DA:107,0
DA:108,0
DA:110,0
DA:112,0
DA:115,0
DA:116,0
DA:117,0
DA:118,0
DA:119,0
DA:124,0
DA:129,0
DA:130,0
DA:133,0
DA:134,0
DA:135,0
DA:138,0
DA:139,0
DA:140,0
DA:141,0
DA:144,0
DA:145,0
DA:149,1
DA:155,0
DA:162,0
DA:164,0
LF:70
LH:23
BRDA:40,0,0,3
BRDA:40,0,1,12
BRDA:44,1,0,5
BRDA:44,1,1,7
BRDA:47,2,0,4
BRDA:47,2,1,3
BRDA:68,3,0,0
BRDA:68,3,1,0
BRDA:74,4,0,0
BRDA:74,4,1,0
BRDA:74,5,0,0
BRDA:74,5,1,0
BRDA:93,6,0,0
BRDA:93,6,1,0
BRDA:98,7,0,0
BRDA:98,7,1,0
BRDA:98,8,0,0
BRDA:98,8,1,0
BRDA:98,8,2,0
BRDA:101,9,0,0
BRDA:101,9,1,0
BRDA:106,10,0,0
BRDA:106,10,1,0
BRDA:118,11,0,0
BRDA:118,11,1,0
BRF:25
BRH:6
end_of_record
TN:
SF:src/types/index.ts
FNF:0
FNH:0
DA:1,0
LF:1
LH:0
BRF:0
BRH:0
end_of_record
